<?xml version="1.0" encoding="UTF-8"?>
<testsuite xmlns:xsi="http://www.w3.org/2001/XMLSchema-instance" xsi:noNamespaceSchemaLocation="https://maven.apache.org/surefire/maven-surefire-plugin/xsd/surefire-test-report-3.0.xsd" version="3.0" name="com.example.backendlab1.controller.AuthControllerTest" time="5.114" tests="1" errors="0" skipped="0" failures="0">
  <properties>
[...]
</properties>
  <testcase name="testLoginWithInvalidCredentials" classname="com.example.backendlab1.controller.AuthControllerTest" time="0.585">
    <system-out><![CDATA[21:13:37.881 [main] INFO org.springframework.test.context.support.AnnotationConfigContextLoaderUtils -- Could not detect default configuration classes for test class [com.example.backendlab1.controller.AuthControllerTest]: AuthControllerTest does not declare any static, non-private, non-final, nested classes annotated with @Configuration.
21:13:37.996 [main] INFO org.springframework.boot.test.context.SpringBootTestContextBootstrapper -- Found @SpringBootConfiguration com.example.backendlab1.BackendLab1Application for test class com.example.backendlab1.controller.AuthControllerTest

  .   ____          _            __ _ _
 /\\ / ___'_ __ _ _(_)_ __  __ _ \ \ \ \
( ( )\___ | '_ | '_| | '_ \/ _` | \ \ \ \
 \\/  ___)| |_)| | | | | || (_| |  ) ) ) )
  '  |____| .__|_| |_|_| |_\__, | / / / /
 =========|_|==============|___/=/_/_/_/
 :: Spring Boot ::                (v3.2.6)

2025-10-13T21:13:38.444+05:00  INFO 22908 --- [           main] c.e.b.controller.AuthControllerTest      : Starting AuthControllerTest using Java 21.0.2 with PID 22908 (started by ASUS in C:\Users\ASUS\Downloads\backend-lab1)
2025-10-13T21:13:38.445+05:00  INFO 22908 --- [           main] c.e.b.controller.AuthControllerTest      : No active profile set, falling back to 1 default profile: "default"
2025-10-13T21:13:39.014+05:00  INFO 22908 --- [           main] .s.d.r.c.RepositoryConfigurationDelegate : Bootstrapping Spring Data JPA repositories in DEFAULT mode.
2025-10-13T21:13:39.066+05:00  INFO 22908 --- [           main] .s.d.r.c.RepositoryConfigurationDelegate : Finished Spring Data repository scanning in 42 ms. Found 2 JPA repository interfaces.
2025-10-13T21:13:39.502+05:00  INFO 22908 --- [           main] o.hibernate.jpa.internal.util.LogHelper  : HHH000204: Processing PersistenceUnitInfo [name: default]
2025-10-13T21:13:39.562+05:00  INFO 22908 --- [           main] org.hibernate.Version                    : HHH000412: Hibernate ORM core version 6.4.8.Final
2025-10-13T21:13:39.587+05:00  INFO 22908 --- [           main] o.h.c.internal.RegionFactoryInitiator    : HHH000026: Second-level cache disabled
2025-10-13T21:13:39.830+05:00  INFO 22908 --- [           main] o.s.o.j.p.SpringPersistenceUnitInfo      : No LoadTimeWeaver setup: ignoring JPA class transformer
2025-10-13T21:13:39.864+05:00  INFO 22908 --- [           main] com.zaxxer.hikari.HikariDataSource       : HikariPool-1 - Starting...
2025-10-13T21:13:39.968+05:00  INFO 22908 --- [           main] com.zaxxer.hikari.pool.HikariPool        : HikariPool-1 - Added connection org.mariadb.jdbc.Connection@a2df0d5
2025-10-13T21:13:39.970+05:00  INFO 22908 --- [           main] com.zaxxer.hikari.HikariDataSource       : HikariPool-1 - Start completed.
2025-10-13T21:13:40.747+05:00  INFO 22908 --- [           main] o.h.e.t.j.p.i.JtaPlatformInitiator       : HHH000489: No JTA platform available (set 'hibernate.transaction.jta.platform' to enable JTA platform integration)
2025-10-13T21:13:40.790+05:00  INFO 22908 --- [           main] j.LocalContainerEntityManagerFactoryBean : Initialized JPA EntityManagerFactory for persistence unit 'default'
2025-10-13T21:13:41.093+05:00  INFO 22908 --- [           main] o.s.d.j.r.query.QueryEnhancerFactory     : Hibernate is in classpath; If applicable, HQL parser will be used.
Hibernate: select count(*) from users ue1_0
2025-10-13T21:13:41.575+05:00  WARN 22908 --- [           main] JpaBaseConfiguration$JpaWebConfiguration : spring.jpa.open-in-view is enabled by default. Therefore, database queries may be performed during view rendering. Explicitly configure spring.jpa.open-in-view to disable this warning
2025-10-13T21:13:41.609+05:00  WARN 22908 --- [           main] .s.s.UserDetailsServiceAutoConfiguration : 

Using generated security password: f646d68e-0195-4de4-a240-2e7e6f09df95

This generated password is for development use only. Your security configuration must be updated before running your application in production.

2025-10-13T21:13:41.918+05:00  INFO 22908 --- [           main] o.s.s.web.DefaultSecurityFilterChain     : Will secure any request with [org.springframework.security.web.session.DisableEncodeUrlFilter@70bbc163, org.springframework.security.web.context.request.async.WebAsyncManagerIntegrationFilter@3b26afbc, org.springframework.security.web.context.SecurityContextHolderFilter@6d952747, org.springframework.security.web.header.HeaderWriterFilter@3f1eb1bc, org.springframework.web.filter.CorsFilter@2ab91b65, org.springframework.security.web.authentication.logout.LogoutFilter@7fdf32a4, org.springframework.security.web.savedrequest.RequestCacheAwareFilter@5f6ae1d, org.springframework.security.web.servletapi.SecurityContextHolderAwareRequestFilter@30ee413a, org.springframework.security.web.authentication.AnonymousAuthenticationFilter@3e03d75e, org.springframework.security.web.access.ExceptionTranslationFilter@234421ca, org.springframework.security.web.access.intercept.AuthorizationFilter@41e156ee]
2025-10-13T21:13:42.226+05:00  INFO 22908 --- [           main] o.s.b.t.m.w.SpringBootMockServletContext : Initializing Spring TestDispatcherServlet ''
2025-10-13T21:13:42.226+05:00  INFO 22908 --- [           main] o.s.t.web.servlet.TestDispatcherServlet  : Initializing Servlet ''
2025-10-13T21:13:42.228+05:00  INFO 22908 --- [           main] o.s.t.web.servlet.TestDispatcherServlet  : Completed initialization in 2 ms
2025-10-13T21:13:42.247+05:00  INFO 22908 --- [           main] c.e.b.controller.AuthControllerTest      : Started AuthControllerTest in 4.009 seconds (process running for 4.977)
Hibernate: select ue1_0.id,ue1_0.availability_status,ue1_0.email,ue1_0.hashed_password,ue1_0.username from users ue1_0 where ue1_0.email=?
]]></system-out>
    <system-err><![CDATA[WARNING: A Java agent has been loaded dynamically (C:\Users\ASUS\.m2\repository\net\bytebuddy\byte-buddy-agent\1.14.16\byte-buddy-agent-1.14.16.jar)
WARNING: If a serviceability tool is in use, please run with -XX:+EnableDynamicAgentLoading to hide this warning
WARNING: If a serviceability tool is not in use, please run with -Djdk.instrument.traceUsage for more information
WARNING: Dynamic loading of agents will be disallowed by default in a future release
]]></system-err>
  </testcase>
</testsuite>